Build started 12/2/2015 9:40:54 AM.
     1>Project "C:\Users\michael.small\Documents\GitHub\Retro-Game\Retro Game\Retro Game.vcxproj" on node 2 (Build target(s)).
     1>ClCompile:
         C:\Program Files (x86)\Microsoft Visual Studio 14.0\VC\bin\CL.exe /c /ZI /nologo /W3 /WX- /sdl /Od /Oy- /D _MBCS /Gm /EHsc /RTC1 /MDd /GS /fp:precise /Zc:wchar_t /Zc:forScope /Zc:inline /Fo"Debug\\" /Fd"Debug\vc140.pdb" /Gd /TP /analyze- /errorReport:prompt Main.cpp
         Main.cpp
     1>c:\users\michael.small\documents\github\retro-game\retro game\ship.h(52): warning C4018: '<': signed/unsigned mismatch
     1>c:\users\michael.small\documents\github\retro-game\retro game\ship.h(76): warning C4244: '=': conversion from 'int' to 'float', possible loss of data
     1>c:\users\michael.small\documents\github\retro-game\retro game\main.cpp(47): warning C4244: '=': conversion from 'int' to 'float', possible loss of data
     1>c:\users\michael.small\documents\github\retro-game\retro game\main.cpp(81): warning C4018: '<': signed/unsigned mismatch
     1>c:\users\michael.small\documents\github\retro-game\retro game\main.cpp(90): warning C4018: '<': signed/unsigned mismatch
     1>c:\users\michael.small\documents\github\retro-game\retro game\main.cpp(97): warning C4018: '<': signed/unsigned mismatch
     1>c:\users\michael.small\documents\github\retro-game\retro game\main.cpp(101): warning C4018: '<': signed/unsigned mismatch
     1>c:\users\michael.small\documents\github\retro-game\retro game\main.cpp(105): warning C4018: '<': signed/unsigned mismatch
     1>c:\users\michael.small\documents\github\retro-game\retro game\main.cpp(115): warning C4018: '<': signed/unsigned mismatch
     1>c:\users\michael.small\documents\github\retro-game\retro game\main.cpp(129): warning C4244: '=': conversion from 'int' to 'float', possible loss of data
     1>c:\users\michael.small\documents\github\retro-game\retro game\main.cpp(136): warning C4018: '<': signed/unsigned mismatch
     1>c:\users\michael.small\documents\github\retro-game\retro game\main.cpp(140): warning C4244: '=': conversion from 'int' to 'float', possible loss of data
       Link:
         C:\Program Files (x86)\Microsoft Visual Studio 14.0\VC\bin\link.exe /ERRORREPORT:PROMPT /OUT:"C:\Users\michael.small\Documents\GitHub\Retro-Game\Debug\Retro Game.exe" /INCREMENTAL /NOLOGO SFW_d.lib kernel32.lib user32.lib gdi32.lib winspool.lib comdlg32.lib advapi32.lib shell32.lib ole32.lib oleaut32.lib uuid.lib odbc32.lib odbccp32.lib /MANIFEST /MANIFESTUAC:"level='asInvoker' uiAccess='false'" /manifest:embed /Debug /PDB:"C:\Users\michael.small\Documents\GitHub\Retro-Game\Debug\Retro Game.pdb" /TLBID:1 /DYNAMICBASE /NXCOMPAT /IMPLIB:"C:\Users\michael.small\Documents\GitHub\Retro-Game\Debug\Retro Game.lib" /MACHINE:X86 Debug\Main.obj
         LINK : C:\Users\michael.small\Documents\GitHub\Retro-Game\Debug\Retro Game.exe not found or not built by the last incremental link; performing full link
     1>SFW_d.lib(gl_core_4_4.obj) : warning LNK4099: PDB 'nsfw2draw.pdb' was not found with 'SFW_d.lib(gl_core_4_4.obj)' or at 'C:\Users\michael.small\Documents\GitHub\Retro-Game\Debug\nsfw2draw.pdb'; linking object as if no debug info
     1>SFW_d.lib(crenderutils.obj) : warning LNK4099: PDB 'nsfw2draw.pdb' was not found with 'SFW_d.lib(crenderutils.obj)' or at 'C:\Users\michael.small\Documents\GitHub\Retro-Game\Debug\nsfw2draw.pdb'; linking object as if no debug info
     1>SFW_d.lib(sfwdraw.obj) : warning LNK4099: PDB 'nsfw2draw.pdb' was not found with 'SFW_d.lib(sfwdraw.obj)' or at 'C:\Users\michael.small\Documents\GitHub\Retro-Game\Debug\nsfw2draw.pdb'; linking object as if no debug info
     1>SFW_d.lib(wgl_context.obj) : warning LNK4099: PDB 'glfw.pdb' was not found with 'SFW_d.lib(wgl_context.obj)' or at 'C:\Users\michael.small\Documents\GitHub\Retro-Game\Debug\glfw.pdb'; linking object as if no debug info
     1>SFW_d.lib(winmm_joystick.obj) : warning LNK4099: PDB 'glfw.pdb' was not found with 'SFW_d.lib(winmm_joystick.obj)' or at 'C:\Users\michael.small\Documents\GitHub\Retro-Game\Debug\glfw.pdb'; linking object as if no debug info
     1>SFW_d.lib(win32_window.obj) : warning LNK4099: PDB 'glfw.pdb' was not found with 'SFW_d.lib(win32_window.obj)' or at 'C:\Users\michael.small\Documents\GitHub\Retro-Game\Debug\glfw.pdb'; linking object as if no debug info
     1>SFW_d.lib(win32_tls.obj) : warning LNK4099: PDB 'glfw.pdb' was not found with 'SFW_d.lib(win32_tls.obj)' or at 'C:\Users\michael.small\Documents\GitHub\Retro-Game\Debug\glfw.pdb'; linking object as if no debug info
     1>SFW_d.lib(win32_time.obj) : warning LNK4099: PDB 'glfw.pdb' was not found with 'SFW_d.lib(win32_time.obj)' or at 'C:\Users\michael.small\Documents\GitHub\Retro-Game\Debug\glfw.pdb'; linking object as if no debug info
     1>SFW_d.lib(win32_monitor.obj) : warning LNK4099: PDB 'glfw.pdb' was not found with 'SFW_d.lib(win32_monitor.obj)' or at 'C:\Users\michael.small\Documents\GitHub\Retro-Game\Debug\glfw.pdb'; linking object as if no debug info
     1>SFW_d.lib(win32_init.obj) : warning LNK4099: PDB 'glfw.pdb' was not found with 'SFW_d.lib(win32_init.obj)' or at 'C:\Users\michael.small\Documents\GitHub\Retro-Game\Debug\glfw.pdb'; linking object as if no debug info
     1>SFW_d.lib(window.obj) : warning LNK4099: PDB 'glfw.pdb' was not found with 'SFW_d.lib(window.obj)' or at 'C:\Users\michael.small\Documents\GitHub\Retro-Game\Debug\glfw.pdb'; linking object as if no debug info
     1>SFW_d.lib(monitor.obj) : warning LNK4099: PDB 'glfw.pdb' was not found with 'SFW_d.lib(monitor.obj)' or at 'C:\Users\michael.small\Documents\GitHub\Retro-Game\Debug\glfw.pdb'; linking object as if no debug info
     1>SFW_d.lib(input.obj) : warning LNK4099: PDB 'glfw.pdb' was not found with 'SFW_d.lib(input.obj)' or at 'C:\Users\michael.small\Documents\GitHub\Retro-Game\Debug\glfw.pdb'; linking object as if no debug info
     1>SFW_d.lib(init.obj) : warning LNK4099: PDB 'glfw.pdb' was not found with 'SFW_d.lib(init.obj)' or at 'C:\Users\michael.small\Documents\GitHub\Retro-Game\Debug\glfw.pdb'; linking object as if no debug info
     1>SFW_d.lib(context.obj) : warning LNK4099: PDB 'glfw.pdb' was not found with 'SFW_d.lib(context.obj)' or at 'C:\Users\michael.small\Documents\GitHub\Retro-Game\Debug\glfw.pdb'; linking object as if no debug info
         Retro Game.vcxproj -> C:\Users\michael.small\Documents\GitHub\Retro-Game\Debug\Retro Game.exe
     1>Done Building Project "C:\Users\michael.small\Documents\GitHub\Retro-Game\Retro Game\Retro Game.vcxproj" (Build target(s)).

Build succeeded.

Time Elapsed 00:00:01.24
